<?xml version="1.0" encoding="UTF-8"?>
<testsuite name="org.zerock.guestbook.repository.GuestbookRepositoryTests" tests="4" skipped="0" failures="0" errors="0" timestamp="2021-11-30T13:23:36" hostname="JYU" time="3.129">
  <properties/>
  <testcase name="updateTest()" classname="org.zerock.guestbook.repository.GuestbookRepositoryTests" time="0.471"/>
  <testcase name="insertDummies()" classname="org.zerock.guestbook.repository.GuestbookRepositoryTests" time="2.057"/>
  <testcase name="testQuery1()" classname="org.zerock.guestbook.repository.GuestbookRepositoryTests" time="0.578"/>
  <testcase name="testQuery2()" classname="org.zerock.guestbook.repository.GuestbookRepositoryTests" time="0.02"/>
  <system-out><![CDATA[22:23:25.831 [Test worker] DEBUG org.springframework.test.context.BootstrapUtils - Instantiating CacheAwareContextLoaderDelegate from class [org.springframework.test.context.cache.DefaultCacheAwareContextLoaderDelegate]
22:23:25.870 [Test worker] DEBUG org.springframework.test.context.BootstrapUtils - Instantiating BootstrapContext using constructor [public org.springframework.test.context.support.DefaultBootstrapContext(java.lang.Class,org.springframework.test.context.CacheAwareContextLoaderDelegate)]
22:23:25.943 [Test worker] DEBUG org.springframework.test.context.BootstrapUtils - Instantiating TestContextBootstrapper for test class [org.zerock.guestbook.repository.GuestbookRepositoryTests] from class [org.springframework.boot.test.context.SpringBootTestContextBootstrapper]
22:23:25.991 [Test worker] INFO org.springframework.boot.test.context.SpringBootTestContextBootstrapper - Neither @ContextConfiguration nor @ContextHierarchy found for test class [org.zerock.guestbook.repository.GuestbookRepositoryTests], using SpringBootContextLoader
22:23:26.002 [Test worker] DEBUG org.springframework.test.context.support.AbstractContextLoader - Did not detect default resource location for test class [org.zerock.guestbook.repository.GuestbookRepositoryTests]: class path resource [org/zerock/guestbook/repository/GuestbookRepositoryTests-context.xml] does not exist
22:23:26.003 [Test worker] DEBUG org.springframework.test.context.support.AbstractContextLoader - Did not detect default resource location for test class [org.zerock.guestbook.repository.GuestbookRepositoryTests]: class path resource [org/zerock/guestbook/repository/GuestbookRepositoryTestsContext.groovy] does not exist
22:23:26.004 [Test worker] INFO org.springframework.test.context.support.AbstractContextLoader - Could not detect default resource locations for test class [org.zerock.guestbook.repository.GuestbookRepositoryTests]: no resource found for suffixes {-context.xml, Context.groovy}.
22:23:26.005 [Test worker] INFO org.springframework.test.context.support.AnnotationConfigContextLoaderUtils - Could not detect default configuration classes for test class [org.zerock.guestbook.repository.GuestbookRepositoryTests]: GuestbookRepositoryTests does not declare any static, non-private, non-final, nested classes annotated with @Configuration.
22:23:26.114 [Test worker] DEBUG org.springframework.test.context.support.ActiveProfilesUtils - Could not find an 'annotation declaring class' for annotation type [org.springframework.test.context.ActiveProfiles] and class [org.zerock.guestbook.repository.GuestbookRepositoryTests]
22:23:26.290 [Test worker] DEBUG org.springframework.context.annotation.ClassPathScanningCandidateComponentProvider - Identified candidate component class: file [C:\Users\user\IdeaProjects\guestbook\build\classes\java\main\org\zerock\guestbook\GuestbookApplication.class]
22:23:26.294 [Test worker] INFO org.springframework.boot.test.context.SpringBootTestContextBootstrapper - Found @SpringBootConfiguration org.zerock.guestbook.GuestbookApplication for test class org.zerock.guestbook.repository.GuestbookRepositoryTests
22:23:26.547 [Test worker] DEBUG org.springframework.boot.test.context.SpringBootTestContextBootstrapper - @TestExecutionListeners is not present for class [org.zerock.guestbook.repository.GuestbookRepositoryTests]: using defaults.
22:23:26.548 [Test worker] INFO org.springframework.boot.test.context.SpringBootTestContextBootstrapper - Loaded default TestExecutionListener class names from location [META-INF/spring.factories]: [org.springframework.boot.test.autoconfigure.restdocs.RestDocsTestExecutionListener, org.springframework.boot.test.autoconfigure.web.client.MockRestServiceServerResetTestExecutionListener, org.springframework.boot.test.autoconfigure.web.servlet.MockMvcPrintOnlyOnFailureTestExecutionListener, org.springframework.boot.test.autoconfigure.web.servlet.WebDriverTestExecutionListener, org.springframework.boot.test.autoconfigure.webservices.client.MockWebServiceServerTestExecutionListener, org.springframework.boot.test.mock.mockito.MockitoTestExecutionListener, org.springframework.boot.test.mock.mockito.ResetMocksTestExecutionListener, org.springframework.test.context.web.ServletTestExecutionListener, org.springframework.test.context.support.DirtiesContextBeforeModesTestExecutionListener, org.springframework.test.context.support.DependencyInjectionTestExecutionListener, org.springframework.test.context.support.DirtiesContextTestExecutionListener, org.springframework.test.context.transaction.TransactionalTestExecutionListener, org.springframework.test.context.jdbc.SqlScriptsTestExecutionListener, org.springframework.test.context.event.EventPublishingTestExecutionListener]
22:23:26.598 [Test worker] INFO org.springframework.boot.test.context.SpringBootTestContextBootstrapper - Using TestExecutionListeners: [org.springframework.test.context.web.ServletTestExecutionListener@7d2d2326, org.springframework.test.context.support.DirtiesContextBeforeModesTestExecutionListener@4c64c464, org.springframework.boot.test.mock.mockito.MockitoTestExecutionListener@3f9085c, org.springframework.boot.test.autoconfigure.SpringBootDependencyInjectionTestExecutionListener@3b2ae471, org.springframework.test.context.support.DirtiesContextTestExecutionListener@2f0ac421, org.springframework.test.context.transaction.TransactionalTestExecutionListener@45a76240, org.springframework.test.context.jdbc.SqlScriptsTestExecutionListener@ed72940, org.springframework.test.context.event.EventPublishingTestExecutionListener@62b24d87, org.springframework.boot.test.autoconfigure.restdocs.RestDocsTestExecutionListener@1be0a63c, org.springframework.boot.test.autoconfigure.web.client.MockRestServiceServerResetTestExecutionListener@65ab7262, org.springframework.boot.test.autoconfigure.web.servlet.MockMvcPrintOnlyOnFailureTestExecutionListener@5281dabe, org.springframework.boot.test.autoconfigure.web.servlet.WebDriverTestExecutionListener@22af7b1c, org.springframework.boot.test.autoconfigure.webservices.client.MockWebServiceServerTestExecutionListener@3c60f833, org.springframework.boot.test.mock.mockito.ResetMocksTestExecutionListener@2e6b5bf]
22:23:26.607 [Test worker] DEBUG org.springframework.test.context.support.AbstractDirtiesContextTestExecutionListener - Before test class: context [DefaultTestContext@c6bd664 testClass = GuestbookRepositoryTests, testInstance = [null], testMethod = [null], testException = [null], mergedContextConfiguration = [WebMergedContextConfiguration@7834a05e testClass = GuestbookRepositoryTests, locations = '{}', classes = '{class org.zerock.guestbook.GuestbookApplication}', contextInitializerClasses = '[]', activeProfiles = '{}', propertySourceLocations = '{}', propertySourceProperties = '{org.springframework.boot.test.context.SpringBootTestContextBootstrapper=true}', contextCustomizers = set[org.springframework.boot.test.autoconfigure.properties.PropertyMappingContextCustomizer@0, org.springframework.boot.test.autoconfigure.web.servlet.WebDriverContextCustomizerFactory$Customizer@25990d1b, org.springframework.boot.test.context.filter.ExcludeFilterContextCustomizer@cd82f0e, org.springframework.boot.test.json.DuplicateJsonObjectContextCustomizerFactory$DuplicateJsonObjectContextCustomizer@36a0e53c, org.springframework.boot.test.mock.mockito.MockitoContextCustomizer@0, org.springframework.boot.test.web.client.TestRestTemplateContextCustomizer@38c9186c, org.springframework.boot.test.context.SpringBootTestArgs@1], resourceBasePath = 'src/main/webapp', contextLoader = 'org.springframework.boot.test.context.SpringBootContextLoader', parent = [null]], attributes = map['org.springframework.test.context.web.ServletTestExecutionListener.activateListener' -> true]], class annotated with @DirtiesContext [false] with mode [null].
22:23:26.665 [Test worker] DEBUG org.springframework.test.context.support.TestPropertySourceUtils - Adding inlined properties to environment: {spring.jmx.enabled=false, org.springframework.boot.test.context.SpringBootTestContextBootstrapper=true}

  .   ____          _            __ _ _
 /\\ / ___'_ __ _ _(_)_ __  __ _ \ \ \ \
( ( )\___ | '_ | '_| | '_ \/ _` | \ \ \ \
 \\/  ___)| |_)| | | | | || (_| |  ) ) ) )
  '  |____| .__|_| |_|_| |_\__, | / / / /
 =========|_|==============|___/=/_/_/_/
 :: Spring Boot ::        (v2.3.4.RELEASE)

2021-11-30 22:23:27.193  INFO 34344 --- [    Test worker] o.z.g.r.GuestbookRepositoryTests         : Starting GuestbookRepositoryTests on JYU with PID 34344 (started by user in C:\Users\user\IdeaProjects\guestbook)
2021-11-30 22:23:27.195  INFO 34344 --- [    Test worker] o.z.g.r.GuestbookRepositoryTests         : No active profile set, falling back to default profiles: default
2021-11-30 22:23:28.682  INFO 34344 --- [    Test worker] .s.d.r.c.RepositoryConfigurationDelegate : Bootstrapping Spring Data JPA repositories in DEFERRED mode.
2021-11-30 22:23:28.833  INFO 34344 --- [    Test worker] .s.d.r.c.RepositoryConfigurationDelegate : Finished Spring Data repository scanning in 132ms. Found 1 JPA repository interfaces.
2021-11-30 22:23:29.972  INFO 34344 --- [    Test worker] o.s.s.concurrent.ThreadPoolTaskExecutor  : Initializing ExecutorService 'applicationTaskExecutor'
2021-11-30 22:23:30.153  INFO 34344 --- [         task-1] o.hibernate.jpa.internal.util.LogHelper  : HHH000204: Processing PersistenceUnitInfo [name: default]
2021-11-30 22:23:30.357  INFO 34344 --- [         task-1] org.hibernate.Version                    : HHH000412: Hibernate ORM core version 5.4.21.Final
2021-11-30 22:23:30.871  INFO 34344 --- [         task-1] o.hibernate.annotations.common.Version   : HCANN000001: Hibernate Commons Annotations {5.1.0.Final}
2021-11-30 22:23:31.211  INFO 34344 --- [         task-1] com.zaxxer.hikari.HikariDataSource       : HikariPool-1 - Starting...
2021-11-30 22:23:31.339  INFO 34344 --- [         task-1] com.zaxxer.hikari.HikariDataSource       : HikariPool-1 - Start completed.
2021-11-30 22:23:31.433  INFO 34344 --- [         task-1] org.hibernate.dialect.Dialect            : HHH000400: Using dialect: org.hibernate.dialect.MariaDB103Dialect
2021-11-30 22:23:32.860  INFO 34344 --- [         task-1] o.h.e.t.j.p.i.JtaPlatformInitiator       : HHH000490: Using JtaPlatform implementation: [org.hibernate.engine.transaction.jta.platform.internal.NoJtaPlatform]
2021-11-30 22:23:32.878  INFO 34344 --- [         task-1] j.LocalContainerEntityManagerFactoryBean : Initialized JPA EntityManagerFactory for persistence unit 'default'
2021-11-30 22:23:33.402  WARN 34344 --- [    Test worker] JpaBaseConfiguration$JpaWebConfiguration : spring.jpa.open-in-view is enabled by default. Therefore, database queries may be performed during view rendering. Explicitly configure spring.jpa.open-in-view to disable this warning
2021-11-30 22:23:34.833  INFO 34344 --- [    Test worker] o.s.b.a.w.s.WelcomePageHandlerMapping    : Adding welcome page: class path resource [static/index.html]
2021-11-30 22:23:35.996  INFO 34344 --- [    Test worker] DeferredRepositoryInitializationListener : Triggering deferred initialization of Spring Data repositories…
2021-11-30 22:23:36.277  INFO 34344 --- [    Test worker] DeferredRepositoryInitializationListener : Spring Data repositories initialized!
2021-11-30 22:23:36.316  INFO 34344 --- [    Test worker] o.z.g.r.GuestbookRepositoryTests         : Started GuestbookRepositoryTests in 9.633 seconds (JVM running for 14.07)
Hibernate: 
    select
        guestbook0_.gno as gno1_0_0_,
        guestbook0_.moddate as moddate2_0_0_,
        guestbook0_.regdate as regdate3_0_0_,
        guestbook0_.content as content4_0_0_,
        guestbook0_.title as title5_0_0_,
        guestbook0_.writer as writer6_0_0_ 
    from
        guestbook guestbook0_ 
    where
        guestbook0_.gno=?
Hibernate: 
    select
        guestbook0_.gno as gno1_0_0_,
        guestbook0_.moddate as moddate2_0_0_,
        guestbook0_.regdate as regdate3_0_0_,
        guestbook0_.content as content4_0_0_,
        guestbook0_.title as title5_0_0_,
        guestbook0_.writer as writer6_0_0_ 
    from
        guestbook guestbook0_ 
    where
        guestbook0_.gno=?
Hibernate: 
    update
        guestbook 
    set
        moddate=?,
        content=?,
        title=?,
        writer=? 
    where
        gno=?
Hibernate: 
    insert 
    into
        guestbook
        (moddate, regdate, content, title, writer) 
    values
        (?, ?, ?, ?, ?)
Guestbook(gno=301, title=Title....1, content=Content...1, writer=user1)
Hibernate: 
    insert 
    into
        guestbook
        (moddate, regdate, content, title, writer) 
    values
        (?, ?, ?, ?, ?)
Guestbook(gno=302, title=Title....2, content=Content...2, writer=user2)
Hibernate: 
    insert 
    into
        guestbook
        (moddate, regdate, content, title, writer) 
    values
        (?, ?, ?, ?, ?)
Guestbook(gno=303, title=Title....3, content=Content...3, writer=user3)
Hibernate: 
    insert 
    into
        guestbook
        (moddate, regdate, content, title, writer) 
    values
        (?, ?, ?, ?, ?)
Guestbook(gno=304, title=Title....4, content=Content...4, writer=user4)
Hibernate: 
    insert 
    into
        guestbook
        (moddate, regdate, content, title, writer) 
    values
        (?, ?, ?, ?, ?)
Guestbook(gno=305, title=Title....5, content=Content...5, writer=user5)
Hibernate: 
    insert 
    into
        guestbook
        (moddate, regdate, content, title, writer) 
    values
        (?, ?, ?, ?, ?)
Guestbook(gno=306, title=Title....6, content=Content...6, writer=user6)
Hibernate: 
    insert 
    into
        guestbook
        (moddate, regdate, content, title, writer) 
    values
        (?, ?, ?, ?, ?)
Guestbook(gno=307, title=Title....7, content=Content...7, writer=user7)
Hibernate: 
    insert 
    into
        guestbook
        (moddate, regdate, content, title, writer) 
    values
        (?, ?, ?, ?, ?)
Guestbook(gno=308, title=Title....8, content=Content...8, writer=user8)
Hibernate: 
    insert 
    into
        guestbook
        (moddate, regdate, content, title, writer) 
    values
        (?, ?, ?, ?, ?)
Guestbook(gno=309, title=Title....9, content=Content...9, writer=user9)
Hibernate: 
    insert 
    into
        guestbook
        (moddate, regdate, content, title, writer) 
    values
        (?, ?, ?, ?, ?)
Guestbook(gno=310, title=Title....10, content=Content...10, writer=user0)
Hibernate: 
    insert 
    into
        guestbook
        (moddate, regdate, content, title, writer) 
    values
        (?, ?, ?, ?, ?)
Guestbook(gno=311, title=Title....11, content=Content...11, writer=user1)
Hibernate: 
    insert 
    into
        guestbook
        (moddate, regdate, content, title, writer) 
    values
        (?, ?, ?, ?, ?)
Guestbook(gno=312, title=Title....12, content=Content...12, writer=user2)
Hibernate: 
    insert 
    into
        guestbook
        (moddate, regdate, content, title, writer) 
    values
        (?, ?, ?, ?, ?)
Guestbook(gno=313, title=Title....13, content=Content...13, writer=user3)
Hibernate: 
    insert 
    into
        guestbook
        (moddate, regdate, content, title, writer) 
    values
        (?, ?, ?, ?, ?)
Guestbook(gno=314, title=Title....14, content=Content...14, writer=user4)
Hibernate: 
    insert 
    into
        guestbook
        (moddate, regdate, content, title, writer) 
    values
        (?, ?, ?, ?, ?)
Guestbook(gno=315, title=Title....15, content=Content...15, writer=user5)
Hibernate: 
    insert 
    into
        guestbook
        (moddate, regdate, content, title, writer) 
    values
        (?, ?, ?, ?, ?)
Guestbook(gno=316, title=Title....16, content=Content...16, writer=user6)
Hibernate: 
    insert 
    into
        guestbook
        (moddate, regdate, content, title, writer) 
    values
        (?, ?, ?, ?, ?)
Guestbook(gno=317, title=Title....17, content=Content...17, writer=user7)
Hibernate: 
    insert 
    into
        guestbook
        (moddate, regdate, content, title, writer) 
    values
        (?, ?, ?, ?, ?)
Guestbook(gno=318, title=Title....18, content=Content...18, writer=user8)
Hibernate: 
    insert 
    into
        guestbook
        (moddate, regdate, content, title, writer) 
    values
        (?, ?, ?, ?, ?)
Guestbook(gno=319, title=Title....19, content=Content...19, writer=user9)
Hibernate: 
    insert 
    into
        guestbook
        (moddate, regdate, content, title, writer) 
    values
        (?, ?, ?, ?, ?)
Guestbook(gno=320, title=Title....20, content=Content...20, writer=user0)
Hibernate: 
    insert 
    into
        guestbook
        (moddate, regdate, content, title, writer) 
    values
        (?, ?, ?, ?, ?)
Guestbook(gno=321, title=Title....21, content=Content...21, writer=user1)
Hibernate: 
    insert 
    into
        guestbook
        (moddate, regdate, content, title, writer) 
    values
        (?, ?, ?, ?, ?)
Guestbook(gno=322, title=Title....22, content=Content...22, writer=user2)
Hibernate: 
    insert 
    into
        guestbook
        (moddate, regdate, content, title, writer) 
    values
        (?, ?, ?, ?, ?)
Guestbook(gno=323, title=Title....23, content=Content...23, writer=user3)
Hibernate: 
    insert 
    into
        guestbook
        (moddate, regdate, content, title, writer) 
    values
        (?, ?, ?, ?, ?)
Guestbook(gno=324, title=Title....24, content=Content...24, writer=user4)
Hibernate: 
    insert 
    into
        guestbook
        (moddate, regdate, content, title, writer) 
    values
        (?, ?, ?, ?, ?)
Guestbook(gno=325, title=Title....25, content=Content...25, writer=user5)
Hibernate: 
    insert 
    into
        guestbook
        (moddate, regdate, content, title, writer) 
    values
        (?, ?, ?, ?, ?)
Guestbook(gno=326, title=Title....26, content=Content...26, writer=user6)
Hibernate: 
    insert 
    into
        guestbook
        (moddate, regdate, content, title, writer) 
    values
        (?, ?, ?, ?, ?)
Guestbook(gno=327, title=Title....27, content=Content...27, writer=user7)
Hibernate: 
    insert 
    into
        guestbook
        (moddate, regdate, content, title, writer) 
    values
        (?, ?, ?, ?, ?)
Guestbook(gno=328, title=Title....28, content=Content...28, writer=user8)
Hibernate: 
    insert 
    into
        guestbook
        (moddate, regdate, content, title, writer) 
    values
        (?, ?, ?, ?, ?)
Guestbook(gno=329, title=Title....29, content=Content...29, writer=user9)
Hibernate: 
    insert 
    into
        guestbook
        (moddate, regdate, content, title, writer) 
    values
        (?, ?, ?, ?, ?)
Guestbook(gno=330, title=Title....30, content=Content...30, writer=user0)
Hibernate: 
    insert 
    into
        guestbook
        (moddate, regdate, content, title, writer) 
    values
        (?, ?, ?, ?, ?)
Guestbook(gno=331, title=Title....31, content=Content...31, writer=user1)
Hibernate: 
    insert 
    into
        guestbook
        (moddate, regdate, content, title, writer) 
    values
        (?, ?, ?, ?, ?)
Guestbook(gno=332, title=Title....32, content=Content...32, writer=user2)
Hibernate: 
    insert 
    into
        guestbook
        (moddate, regdate, content, title, writer) 
    values
        (?, ?, ?, ?, ?)
Guestbook(gno=333, title=Title....33, content=Content...33, writer=user3)
Hibernate: 
    insert 
    into
        guestbook
        (moddate, regdate, content, title, writer) 
    values
        (?, ?, ?, ?, ?)
Guestbook(gno=334, title=Title....34, content=Content...34, writer=user4)
Hibernate: 
    insert 
    into
        guestbook
        (moddate, regdate, content, title, writer) 
    values
        (?, ?, ?, ?, ?)
Guestbook(gno=335, title=Title....35, content=Content...35, writer=user5)
Hibernate: 
    insert 
    into
        guestbook
        (moddate, regdate, content, title, writer) 
    values
        (?, ?, ?, ?, ?)
Guestbook(gno=336, title=Title....36, content=Content...36, writer=user6)
Hibernate: 
    insert 
    into
        guestbook
        (moddate, regdate, content, title, writer) 
    values
        (?, ?, ?, ?, ?)
Guestbook(gno=337, title=Title....37, content=Content...37, writer=user7)
Hibernate: 
    insert 
    into
        guestbook
        (moddate, regdate, content, title, writer) 
    values
        (?, ?, ?, ?, ?)
Guestbook(gno=338, title=Title....38, content=Content...38, writer=user8)
Hibernate: 
    insert 
    into
        guestbook
        (moddate, regdate, content, title, writer) 
    values
        (?, ?, ?, ?, ?)
Guestbook(gno=339, title=Title....39, content=Content...39, writer=user9)
Hibernate: 
    insert 
    into
        guestbook
        (moddate, regdate, content, title, writer) 
    values
        (?, ?, ?, ?, ?)
Guestbook(gno=340, title=Title....40, content=Content...40, writer=user0)
Hibernate: 
    insert 
    into
        guestbook
        (moddate, regdate, content, title, writer) 
    values
        (?, ?, ?, ?, ?)
Guestbook(gno=341, title=Title....41, content=Content...41, writer=user1)
Hibernate: 
    insert 
    into
        guestbook
        (moddate, regdate, content, title, writer) 
    values
        (?, ?, ?, ?, ?)
Guestbook(gno=342, title=Title....42, content=Content...42, writer=user2)
Hibernate: 
    insert 
    into
        guestbook
        (moddate, regdate, content, title, writer) 
    values
        (?, ?, ?, ?, ?)
Guestbook(gno=343, title=Title....43, content=Content...43, writer=user3)
Hibernate: 
    insert 
    into
        guestbook
        (moddate, regdate, content, title, writer) 
    values
        (?, ?, ?, ?, ?)
Guestbook(gno=344, title=Title....44, content=Content...44, writer=user4)
Hibernate: 
    insert 
    into
        guestbook
        (moddate, regdate, content, title, writer) 
    values
        (?, ?, ?, ?, ?)
Guestbook(gno=345, title=Title....45, content=Content...45, writer=user5)
Hibernate: 
    insert 
    into
        guestbook
        (moddate, regdate, content, title, writer) 
    values
        (?, ?, ?, ?, ?)
Guestbook(gno=346, title=Title....46, content=Content...46, writer=user6)
Hibernate: 
    insert 
    into
        guestbook
        (moddate, regdate, content, title, writer) 
    values
        (?, ?, ?, ?, ?)
Guestbook(gno=347, title=Title....47, content=Content...47, writer=user7)
Hibernate: 
    insert 
    into
        guestbook
        (moddate, regdate, content, title, writer) 
    values
        (?, ?, ?, ?, ?)
Guestbook(gno=348, title=Title....48, content=Content...48, writer=user8)
Hibernate: 
    insert 
    into
        guestbook
        (moddate, regdate, content, title, writer) 
    values
        (?, ?, ?, ?, ?)
Guestbook(gno=349, title=Title....49, content=Content...49, writer=user9)
Hibernate: 
    insert 
    into
        guestbook
        (moddate, regdate, content, title, writer) 
    values
        (?, ?, ?, ?, ?)
Guestbook(gno=350, title=Title....50, content=Content...50, writer=user0)
Hibernate: 
    insert 
    into
        guestbook
        (moddate, regdate, content, title, writer) 
    values
        (?, ?, ?, ?, ?)
Guestbook(gno=351, title=Title....51, content=Content...51, writer=user1)
Hibernate: 
    insert 
    into
        guestbook
        (moddate, regdate, content, title, writer) 
    values
        (?, ?, ?, ?, ?)
Guestbook(gno=352, title=Title....52, content=Content...52, writer=user2)
Hibernate: 
    insert 
    into
        guestbook
        (moddate, regdate, content, title, writer) 
    values
        (?, ?, ?, ?, ?)
Guestbook(gno=353, title=Title....53, content=Content...53, writer=user3)
Hibernate: 
    insert 
    into
        guestbook
        (moddate, regdate, content, title, writer) 
    values
        (?, ?, ?, ?, ?)
Guestbook(gno=354, title=Title....54, content=Content...54, writer=user4)
Hibernate: 
    insert 
    into
        guestbook
        (moddate, regdate, content, title, writer) 
    values
        (?, ?, ?, ?, ?)
Guestbook(gno=355, title=Title....55, content=Content...55, writer=user5)
Hibernate: 
    insert 
    into
        guestbook
        (moddate, regdate, content, title, writer) 
    values
        (?, ?, ?, ?, ?)
Guestbook(gno=356, title=Title....56, content=Content...56, writer=user6)
Hibernate: 
    insert 
    into
        guestbook
        (moddate, regdate, content, title, writer) 
    values
        (?, ?, ?, ?, ?)
Guestbook(gno=357, title=Title....57, content=Content...57, writer=user7)
Hibernate: 
    insert 
    into
        guestbook
        (moddate, regdate, content, title, writer) 
    values
        (?, ?, ?, ?, ?)
Guestbook(gno=358, title=Title....58, content=Content...58, writer=user8)
Hibernate: 
    insert 
    into
        guestbook
        (moddate, regdate, content, title, writer) 
    values
        (?, ?, ?, ?, ?)
Guestbook(gno=359, title=Title....59, content=Content...59, writer=user9)
Hibernate: 
    insert 
    into
        guestbook
        (moddate, regdate, content, title, writer) 
    values
        (?, ?, ?, ?, ?)
Guestbook(gno=360, title=Title....60, content=Content...60, writer=user0)
Hibernate: 
    insert 
    into
        guestbook
        (moddate, regdate, content, title, writer) 
    values
        (?, ?, ?, ?, ?)
Guestbook(gno=361, title=Title....61, content=Content...61, writer=user1)
Hibernate: 
    insert 
    into
        guestbook
        (moddate, regdate, content, title, writer) 
    values
        (?, ?, ?, ?, ?)
Guestbook(gno=362, title=Title....62, content=Content...62, writer=user2)
Hibernate: 
    insert 
    into
        guestbook
        (moddate, regdate, content, title, writer) 
    values
        (?, ?, ?, ?, ?)
Guestbook(gno=363, title=Title....63, content=Content...63, writer=user3)
Hibernate: 
    insert 
    into
        guestbook
        (moddate, regdate, content, title, writer) 
    values
        (?, ?, ?, ?, ?)
Guestbook(gno=364, title=Title....64, content=Content...64, writer=user4)
Hibernate: 
    insert 
    into
        guestbook
        (moddate, regdate, content, title, writer) 
    values
        (?, ?, ?, ?, ?)
Guestbook(gno=365, title=Title....65, content=Content...65, writer=user5)
Hibernate: 
    insert 
    into
        guestbook
        (moddate, regdate, content, title, writer) 
    values
        (?, ?, ?, ?, ?)
Guestbook(gno=366, title=Title....66, content=Content...66, writer=user6)
Hibernate: 
    insert 
    into
        guestbook
        (moddate, regdate, content, title, writer) 
    values
        (?, ?, ?, ?, ?)
Guestbook(gno=367, title=Title....67, content=Content...67, writer=user7)
Hibernate: 
    insert 
    into
        guestbook
        (moddate, regdate, content, title, writer) 
    values
        (?, ?, ?, ?, ?)
Guestbook(gno=368, title=Title....68, content=Content...68, writer=user8)
Hibernate: 
    insert 
    into
        guestbook
        (moddate, regdate, content, title, writer) 
    values
        (?, ?, ?, ?, ?)
Guestbook(gno=369, title=Title....69, content=Content...69, writer=user9)
Hibernate: 
    insert 
    into
        guestbook
        (moddate, regdate, content, title, writer) 
    values
        (?, ?, ?, ?, ?)
Guestbook(gno=370, title=Title....70, content=Content...70, writer=user0)
Hibernate: 
    insert 
    into
        guestbook
        (moddate, regdate, content, title, writer) 
    values
        (?, ?, ?, ?, ?)
Guestbook(gno=371, title=Title....71, content=Content...71, writer=user1)
Hibernate: 
    insert 
    into
        guestbook
        (moddate, regdate, content, title, writer) 
    values
        (?, ?, ?, ?, ?)
Guestbook(gno=372, title=Title....72, content=Content...72, writer=user2)
Hibernate: 
    insert 
    into
        guestbook
        (moddate, regdate, content, title, writer) 
    values
        (?, ?, ?, ?, ?)
Guestbook(gno=373, title=Title....73, content=Content...73, writer=user3)
Hibernate: 
    insert 
    into
        guestbook
        (moddate, regdate, content, title, writer) 
    values
        (?, ?, ?, ?, ?)
Guestbook(gno=374, title=Title....74, content=Content...74, writer=user4)
Hibernate: 
    insert 
    into
        guestbook
        (moddate, regdate, content, title, writer) 
    values
        (?, ?, ?, ?, ?)
Guestbook(gno=375, title=Title....75, content=Content...75, writer=user5)
Hibernate: 
    insert 
    into
        guestbook
        (moddate, regdate, content, title, writer) 
    values
        (?, ?, ?, ?, ?)
Guestbook(gno=376, title=Title....76, content=Content...76, writer=user6)
Hibernate: 
    insert 
    into
        guestbook
        (moddate, regdate, content, title, writer) 
    values
        (?, ?, ?, ?, ?)
Guestbook(gno=377, title=Title....77, content=Content...77, writer=user7)
Hibernate: 
    insert 
    into
        guestbook
        (moddate, regdate, content, title, writer) 
    values
        (?, ?, ?, ?, ?)
Guestbook(gno=378, title=Title....78, content=Content...78, writer=user8)
Hibernate: 
    insert 
    into
        guestbook
        (moddate, regdate, content, title, writer) 
    values
        (?, ?, ?, ?, ?)
Guestbook(gno=379, title=Title....79, content=Content...79, writer=user9)
Hibernate: 
    insert 
    into
        guestbook
        (moddate, regdate, content, title, writer) 
    values
        (?, ?, ?, ?, ?)
Guestbook(gno=380, title=Title....80, content=Content...80, writer=user0)
Hibernate: 
    insert 
    into
        guestbook
        (moddate, regdate, content, title, writer) 
    values
        (?, ?, ?, ?, ?)
Guestbook(gno=381, title=Title....81, content=Content...81, writer=user1)
Hibernate: 
    insert 
    into
        guestbook
        (moddate, regdate, content, title, writer) 
    values
        (?, ?, ?, ?, ?)
Guestbook(gno=382, title=Title....82, content=Content...82, writer=user2)
Hibernate: 
    insert 
    into
        guestbook
        (moddate, regdate, content, title, writer) 
    values
        (?, ?, ?, ?, ?)
Guestbook(gno=383, title=Title....83, content=Content...83, writer=user3)
Hibernate: 
    insert 
    into
        guestbook
        (moddate, regdate, content, title, writer) 
    values
        (?, ?, ?, ?, ?)
Guestbook(gno=384, title=Title....84, content=Content...84, writer=user4)
Hibernate: 
    insert 
    into
        guestbook
        (moddate, regdate, content, title, writer) 
    values
        (?, ?, ?, ?, ?)
Guestbook(gno=385, title=Title....85, content=Content...85, writer=user5)
Hibernate: 
    insert 
    into
        guestbook
        (moddate, regdate, content, title, writer) 
    values
        (?, ?, ?, ?, ?)
Guestbook(gno=386, title=Title....86, content=Content...86, writer=user6)
Hibernate: 
    insert 
    into
        guestbook
        (moddate, regdate, content, title, writer) 
    values
        (?, ?, ?, ?, ?)
Guestbook(gno=387, title=Title....87, content=Content...87, writer=user7)
Hibernate: 
    insert 
    into
        guestbook
        (moddate, regdate, content, title, writer) 
    values
        (?, ?, ?, ?, ?)
Guestbook(gno=388, title=Title....88, content=Content...88, writer=user8)
Hibernate: 
    insert 
    into
        guestbook
        (moddate, regdate, content, title, writer) 
    values
        (?, ?, ?, ?, ?)
Guestbook(gno=389, title=Title....89, content=Content...89, writer=user9)
Hibernate: 
    insert 
    into
        guestbook
        (moddate, regdate, content, title, writer) 
    values
        (?, ?, ?, ?, ?)
Guestbook(gno=390, title=Title....90, content=Content...90, writer=user0)
Hibernate: 
    insert 
    into
        guestbook
        (moddate, regdate, content, title, writer) 
    values
        (?, ?, ?, ?, ?)
Guestbook(gno=391, title=Title....91, content=Content...91, writer=user1)
Hibernate: 
    insert 
    into
        guestbook
        (moddate, regdate, content, title, writer) 
    values
        (?, ?, ?, ?, ?)
Guestbook(gno=392, title=Title....92, content=Content...92, writer=user2)
Hibernate: 
    insert 
    into
        guestbook
        (moddate, regdate, content, title, writer) 
    values
        (?, ?, ?, ?, ?)
Guestbook(gno=393, title=Title....93, content=Content...93, writer=user3)
Hibernate: 
    insert 
    into
        guestbook
        (moddate, regdate, content, title, writer) 
    values
        (?, ?, ?, ?, ?)
Guestbook(gno=394, title=Title....94, content=Content...94, writer=user4)
Hibernate: 
    insert 
    into
        guestbook
        (moddate, regdate, content, title, writer) 
    values
        (?, ?, ?, ?, ?)
Guestbook(gno=395, title=Title....95, content=Content...95, writer=user5)
Hibernate: 
    insert 
    into
        guestbook
        (moddate, regdate, content, title, writer) 
    values
        (?, ?, ?, ?, ?)
Guestbook(gno=396, title=Title....96, content=Content...96, writer=user6)
Hibernate: 
    insert 
    into
        guestbook
        (moddate, regdate, content, title, writer) 
    values
        (?, ?, ?, ?, ?)
Guestbook(gno=397, title=Title....97, content=Content...97, writer=user7)
Hibernate: 
    insert 
    into
        guestbook
        (moddate, regdate, content, title, writer) 
    values
        (?, ?, ?, ?, ?)
Guestbook(gno=398, title=Title....98, content=Content...98, writer=user8)
Hibernate: 
    insert 
    into
        guestbook
        (moddate, regdate, content, title, writer) 
    values
        (?, ?, ?, ?, ?)
Guestbook(gno=399, title=Title....99, content=Content...99, writer=user9)
Hibernate: 
    insert 
    into
        guestbook
        (moddate, regdate, content, title, writer) 
    values
        (?, ?, ?, ?, ?)
Guestbook(gno=400, title=Title....100, content=Content...100, writer=user0)
Hibernate: 
    insert 
    into
        guestbook
        (moddate, regdate, content, title, writer) 
    values
        (?, ?, ?, ?, ?)
Guestbook(gno=401, title=Title....101, content=Content...101, writer=user1)
Hibernate: 
    insert 
    into
        guestbook
        (moddate, regdate, content, title, writer) 
    values
        (?, ?, ?, ?, ?)
Guestbook(gno=402, title=Title....102, content=Content...102, writer=user2)
Hibernate: 
    insert 
    into
        guestbook
        (moddate, regdate, content, title, writer) 
    values
        (?, ?, ?, ?, ?)
Guestbook(gno=403, title=Title....103, content=Content...103, writer=user3)
Hibernate: 
    insert 
    into
        guestbook
        (moddate, regdate, content, title, writer) 
    values
        (?, ?, ?, ?, ?)
Guestbook(gno=404, title=Title....104, content=Content...104, writer=user4)
Hibernate: 
    insert 
    into
        guestbook
        (moddate, regdate, content, title, writer) 
    values
        (?, ?, ?, ?, ?)
Guestbook(gno=405, title=Title....105, content=Content...105, writer=user5)
Hibernate: 
    insert 
    into
        guestbook
        (moddate, regdate, content, title, writer) 
    values
        (?, ?, ?, ?, ?)
Guestbook(gno=406, title=Title....106, content=Content...106, writer=user6)
Hibernate: 
    insert 
    into
        guestbook
        (moddate, regdate, content, title, writer) 
    values
        (?, ?, ?, ?, ?)
Guestbook(gno=407, title=Title....107, content=Content...107, writer=user7)
Hibernate: 
    insert 
    into
        guestbook
        (moddate, regdate, content, title, writer) 
    values
        (?, ?, ?, ?, ?)
Guestbook(gno=408, title=Title....108, content=Content...108, writer=user8)
Hibernate: 
    insert 
    into
        guestbook
        (moddate, regdate, content, title, writer) 
    values
        (?, ?, ?, ?, ?)
Guestbook(gno=409, title=Title....109, content=Content...109, writer=user9)
Hibernate: 
    insert 
    into
        guestbook
        (moddate, regdate, content, title, writer) 
    values
        (?, ?, ?, ?, ?)
Guestbook(gno=410, title=Title....110, content=Content...110, writer=user0)
Hibernate: 
    insert 
    into
        guestbook
        (moddate, regdate, content, title, writer) 
    values
        (?, ?, ?, ?, ?)
Guestbook(gno=411, title=Title....111, content=Content...111, writer=user1)
Hibernate: 
    insert 
    into
        guestbook
        (moddate, regdate, content, title, writer) 
    values
        (?, ?, ?, ?, ?)
Guestbook(gno=412, title=Title....112, content=Content...112, writer=user2)
Hibernate: 
    insert 
    into
        guestbook
        (moddate, regdate, content, title, writer) 
    values
        (?, ?, ?, ?, ?)
Guestbook(gno=413, title=Title....113, content=Content...113, writer=user3)
Hibernate: 
    insert 
    into
        guestbook
        (moddate, regdate, content, title, writer) 
    values
        (?, ?, ?, ?, ?)
Guestbook(gno=414, title=Title....114, content=Content...114, writer=user4)
Hibernate: 
    insert 
    into
        guestbook
        (moddate, regdate, content, title, writer) 
    values
        (?, ?, ?, ?, ?)
Guestbook(gno=415, title=Title....115, content=Content...115, writer=user5)
Hibernate: 
    insert 
    into
        guestbook
        (moddate, regdate, content, title, writer) 
    values
        (?, ?, ?, ?, ?)
Guestbook(gno=416, title=Title....116, content=Content...116, writer=user6)
Hibernate: 
    insert 
    into
        guestbook
        (moddate, regdate, content, title, writer) 
    values
        (?, ?, ?, ?, ?)
Guestbook(gno=417, title=Title....117, content=Content...117, writer=user7)
Hibernate: 
    insert 
    into
        guestbook
        (moddate, regdate, content, title, writer) 
    values
        (?, ?, ?, ?, ?)
Guestbook(gno=418, title=Title....118, content=Content...118, writer=user8)
Hibernate: 
    insert 
    into
        guestbook
        (moddate, regdate, content, title, writer) 
    values
        (?, ?, ?, ?, ?)
Guestbook(gno=419, title=Title....119, content=Content...119, writer=user9)
Hibernate: 
    insert 
    into
        guestbook
        (moddate, regdate, content, title, writer) 
    values
        (?, ?, ?, ?, ?)
Guestbook(gno=420, title=Title....120, content=Content...120, writer=user0)
Hibernate: 
    insert 
    into
        guestbook
        (moddate, regdate, content, title, writer) 
    values
        (?, ?, ?, ?, ?)
Guestbook(gno=421, title=Title....121, content=Content...121, writer=user1)
Hibernate: 
    insert 
    into
        guestbook
        (moddate, regdate, content, title, writer) 
    values
        (?, ?, ?, ?, ?)
Guestbook(gno=422, title=Title....122, content=Content...122, writer=user2)
Hibernate: 
    insert 
    into
        guestbook
        (moddate, regdate, content, title, writer) 
    values
        (?, ?, ?, ?, ?)
Guestbook(gno=423, title=Title....123, content=Content...123, writer=user3)
Hibernate: 
    insert 
    into
        guestbook
        (moddate, regdate, content, title, writer) 
    values
        (?, ?, ?, ?, ?)
Guestbook(gno=424, title=Title....124, content=Content...124, writer=user4)
Hibernate: 
    insert 
    into
        guestbook
        (moddate, regdate, content, title, writer) 
    values
        (?, ?, ?, ?, ?)
Guestbook(gno=425, title=Title....125, content=Content...125, writer=user5)
Hibernate: 
    insert 
    into
        guestbook
        (moddate, regdate, content, title, writer) 
    values
        (?, ?, ?, ?, ?)
Guestbook(gno=426, title=Title....126, content=Content...126, writer=user6)
Hibernate: 
    insert 
    into
        guestbook
        (moddate, regdate, content, title, writer) 
    values
        (?, ?, ?, ?, ?)
Guestbook(gno=427, title=Title....127, content=Content...127, writer=user7)
Hibernate: 
    insert 
    into
        guestbook
        (moddate, regdate, content, title, writer) 
    values
        (?, ?, ?, ?, ?)
Guestbook(gno=428, title=Title....128, content=Content...128, writer=user8)
Hibernate: 
    insert 
    into
        guestbook
        (moddate, regdate, content, title, writer) 
    values
        (?, ?, ?, ?, ?)
Guestbook(gno=429, title=Title....129, content=Content...129, writer=user9)
Hibernate: 
    insert 
    into
        guestbook
        (moddate, regdate, content, title, writer) 
    values
        (?, ?, ?, ?, ?)
Guestbook(gno=430, title=Title....130, content=Content...130, writer=user0)
Hibernate: 
    insert 
    into
        guestbook
        (moddate, regdate, content, title, writer) 
    values
        (?, ?, ?, ?, ?)
Guestbook(gno=431, title=Title....131, content=Content...131, writer=user1)
Hibernate: 
    insert 
    into
        guestbook
        (moddate, regdate, content, title, writer) 
    values
        (?, ?, ?, ?, ?)
Guestbook(gno=432, title=Title....132, content=Content...132, writer=user2)
Hibernate: 
    insert 
    into
        guestbook
        (moddate, regdate, content, title, writer) 
    values
        (?, ?, ?, ?, ?)
Guestbook(gno=433, title=Title....133, content=Content...133, writer=user3)
Hibernate: 
    insert 
    into
        guestbook
        (moddate, regdate, content, title, writer) 
    values
        (?, ?, ?, ?, ?)
Guestbook(gno=434, title=Title....134, content=Content...134, writer=user4)
Hibernate: 
    insert 
    into
        guestbook
        (moddate, regdate, content, title, writer) 
    values
        (?, ?, ?, ?, ?)
Guestbook(gno=435, title=Title....135, content=Content...135, writer=user5)
Hibernate: 
    insert 
    into
        guestbook
        (moddate, regdate, content, title, writer) 
    values
        (?, ?, ?, ?, ?)
Guestbook(gno=436, title=Title....136, content=Content...136, writer=user6)
Hibernate: 
    insert 
    into
        guestbook
        (moddate, regdate, content, title, writer) 
    values
        (?, ?, ?, ?, ?)
Guestbook(gno=437, title=Title....137, content=Content...137, writer=user7)
Hibernate: 
    insert 
    into
        guestbook
        (moddate, regdate, content, title, writer) 
    values
        (?, ?, ?, ?, ?)
Guestbook(gno=438, title=Title....138, content=Content...138, writer=user8)
Hibernate: 
    insert 
    into
        guestbook
        (moddate, regdate, content, title, writer) 
    values
        (?, ?, ?, ?, ?)
Guestbook(gno=439, title=Title....139, content=Content...139, writer=user9)
Hibernate: 
    insert 
    into
        guestbook
        (moddate, regdate, content, title, writer) 
    values
        (?, ?, ?, ?, ?)
Guestbook(gno=440, title=Title....140, content=Content...140, writer=user0)
Hibernate: 
    insert 
    into
        guestbook
        (moddate, regdate, content, title, writer) 
    values
        (?, ?, ?, ?, ?)
Guestbook(gno=441, title=Title....141, content=Content...141, writer=user1)
Hibernate: 
    insert 
    into
        guestbook
        (moddate, regdate, content, title, writer) 
    values
        (?, ?, ?, ?, ?)
Guestbook(gno=442, title=Title....142, content=Content...142, writer=user2)
Hibernate: 
    insert 
    into
        guestbook
        (moddate, regdate, content, title, writer) 
    values
        (?, ?, ?, ?, ?)
Guestbook(gno=443, title=Title....143, content=Content...143, writer=user3)
Hibernate: 
    insert 
    into
        guestbook
        (moddate, regdate, content, title, writer) 
    values
        (?, ?, ?, ?, ?)
Guestbook(gno=444, title=Title....144, content=Content...144, writer=user4)
Hibernate: 
    insert 
    into
        guestbook
        (moddate, regdate, content, title, writer) 
    values
        (?, ?, ?, ?, ?)
Guestbook(gno=445, title=Title....145, content=Content...145, writer=user5)
Hibernate: 
    insert 
    into
        guestbook
        (moddate, regdate, content, title, writer) 
    values
        (?, ?, ?, ?, ?)
Guestbook(gno=446, title=Title....146, content=Content...146, writer=user6)
Hibernate: 
    insert 
    into
        guestbook
        (moddate, regdate, content, title, writer) 
    values
        (?, ?, ?, ?, ?)
Guestbook(gno=447, title=Title....147, content=Content...147, writer=user7)
Hibernate: 
    insert 
    into
        guestbook
        (moddate, regdate, content, title, writer) 
    values
        (?, ?, ?, ?, ?)
Guestbook(gno=448, title=Title....148, content=Content...148, writer=user8)
Hibernate: 
    insert 
    into
        guestbook
        (moddate, regdate, content, title, writer) 
    values
        (?, ?, ?, ?, ?)
Guestbook(gno=449, title=Title....149, content=Content...149, writer=user9)
Hibernate: 
    insert 
    into
        guestbook
        (moddate, regdate, content, title, writer) 
    values
        (?, ?, ?, ?, ?)
Guestbook(gno=450, title=Title....150, content=Content...150, writer=user0)
Hibernate: 
    insert 
    into
        guestbook
        (moddate, regdate, content, title, writer) 
    values
        (?, ?, ?, ?, ?)
Guestbook(gno=451, title=Title....151, content=Content...151, writer=user1)
Hibernate: 
    insert 
    into
        guestbook
        (moddate, regdate, content, title, writer) 
    values
        (?, ?, ?, ?, ?)
Guestbook(gno=452, title=Title....152, content=Content...152, writer=user2)
Hibernate: 
    insert 
    into
        guestbook
        (moddate, regdate, content, title, writer) 
    values
        (?, ?, ?, ?, ?)
Guestbook(gno=453, title=Title....153, content=Content...153, writer=user3)
Hibernate: 
    insert 
    into
        guestbook
        (moddate, regdate, content, title, writer) 
    values
        (?, ?, ?, ?, ?)
Guestbook(gno=454, title=Title....154, content=Content...154, writer=user4)
Hibernate: 
    insert 
    into
        guestbook
        (moddate, regdate, content, title, writer) 
    values
        (?, ?, ?, ?, ?)
Guestbook(gno=455, title=Title....155, content=Content...155, writer=user5)
Hibernate: 
    insert 
    into
        guestbook
        (moddate, regdate, content, title, writer) 
    values
        (?, ?, ?, ?, ?)
Guestbook(gno=456, title=Title....156, content=Content...156, writer=user6)
Hibernate: 
    insert 
    into
        guestbook
        (moddate, regdate, content, title, writer) 
    values
        (?, ?, ?, ?, ?)
Guestbook(gno=457, title=Title....157, content=Content...157, writer=user7)
Hibernate: 
    insert 
    into
        guestbook
        (moddate, regdate, content, title, writer) 
    values
        (?, ?, ?, ?, ?)
Guestbook(gno=458, title=Title....158, content=Content...158, writer=user8)
Hibernate: 
    insert 
    into
        guestbook
        (moddate, regdate, content, title, writer) 
    values
        (?, ?, ?, ?, ?)
Guestbook(gno=459, title=Title....159, content=Content...159, writer=user9)
Hibernate: 
    insert 
    into
        guestbook
        (moddate, regdate, content, title, writer) 
    values
        (?, ?, ?, ?, ?)
Guestbook(gno=460, title=Title....160, content=Content...160, writer=user0)
Hibernate: 
    insert 
    into
        guestbook
        (moddate, regdate, content, title, writer) 
    values
        (?, ?, ?, ?, ?)
Guestbook(gno=461, title=Title....161, content=Content...161, writer=user1)
Hibernate: 
    insert 
    into
        guestbook
        (moddate, regdate, content, title, writer) 
    values
        (?, ?, ?, ?, ?)
Guestbook(gno=462, title=Title....162, content=Content...162, writer=user2)
Hibernate: 
    insert 
    into
        guestbook
        (moddate, regdate, content, title, writer) 
    values
        (?, ?, ?, ?, ?)
Guestbook(gno=463, title=Title....163, content=Content...163, writer=user3)
Hibernate: 
    insert 
    into
        guestbook
        (moddate, regdate, content, title, writer) 
    values
        (?, ?, ?, ?, ?)
Guestbook(gno=464, title=Title....164, content=Content...164, writer=user4)
Hibernate: 
    insert 
    into
        guestbook
        (moddate, regdate, content, title, writer) 
    values
        (?, ?, ?, ?, ?)
Guestbook(gno=465, title=Title....165, content=Content...165, writer=user5)
Hibernate: 
    insert 
    into
        guestbook
        (moddate, regdate, content, title, writer) 
    values
        (?, ?, ?, ?, ?)
Guestbook(gno=466, title=Title....166, content=Content...166, writer=user6)
Hibernate: 
    insert 
    into
        guestbook
        (moddate, regdate, content, title, writer) 
    values
        (?, ?, ?, ?, ?)
Guestbook(gno=467, title=Title....167, content=Content...167, writer=user7)
Hibernate: 
    insert 
    into
        guestbook
        (moddate, regdate, content, title, writer) 
    values
        (?, ?, ?, ?, ?)
Guestbook(gno=468, title=Title....168, content=Content...168, writer=user8)
Hibernate: 
    insert 
    into
        guestbook
        (moddate, regdate, content, title, writer) 
    values
        (?, ?, ?, ?, ?)
Guestbook(gno=469, title=Title....169, content=Content...169, writer=user9)
Hibernate: 
    insert 
    into
        guestbook
        (moddate, regdate, content, title, writer) 
    values
        (?, ?, ?, ?, ?)
Guestbook(gno=470, title=Title....170, content=Content...170, writer=user0)
Hibernate: 
    insert 
    into
        guestbook
        (moddate, regdate, content, title, writer) 
    values
        (?, ?, ?, ?, ?)
Guestbook(gno=471, title=Title....171, content=Content...171, writer=user1)
Hibernate: 
    insert 
    into
        guestbook
        (moddate, regdate, content, title, writer) 
    values
        (?, ?, ?, ?, ?)
Guestbook(gno=472, title=Title....172, content=Content...172, writer=user2)
Hibernate: 
    insert 
    into
        guestbook
        (moddate, regdate, content, title, writer) 
    values
        (?, ?, ?, ?, ?)
Guestbook(gno=473, title=Title....173, content=Content...173, writer=user3)
Hibernate: 
    insert 
    into
        guestbook
        (moddate, regdate, content, title, writer) 
    values
        (?, ?, ?, ?, ?)
Guestbook(gno=474, title=Title....174, content=Content...174, writer=user4)
Hibernate: 
    insert 
    into
        guestbook
        (moddate, regdate, content, title, writer) 
    values
        (?, ?, ?, ?, ?)
Guestbook(gno=475, title=Title....175, content=Content...175, writer=user5)
Hibernate: 
    insert 
    into
        guestbook
        (moddate, regdate, content, title, writer) 
    values
        (?, ?, ?, ?, ?)
Guestbook(gno=476, title=Title....176, content=Content...176, writer=user6)
Hibernate: 
    insert 
    into
        guestbook
        (moddate, regdate, content, title, writer) 
    values
        (?, ?, ?, ?, ?)
Guestbook(gno=477, title=Title....177, content=Content...177, writer=user7)
Hibernate: 
    insert 
    into
        guestbook
        (moddate, regdate, content, title, writer) 
    values
        (?, ?, ?, ?, ?)
Guestbook(gno=478, title=Title....178, content=Content...178, writer=user8)
Hibernate: 
    insert 
    into
        guestbook
        (moddate, regdate, content, title, writer) 
    values
        (?, ?, ?, ?, ?)
Guestbook(gno=479, title=Title....179, content=Content...179, writer=user9)
Hibernate: 
    insert 
    into
        guestbook
        (moddate, regdate, content, title, writer) 
    values
        (?, ?, ?, ?, ?)
Guestbook(gno=480, title=Title....180, content=Content...180, writer=user0)
Hibernate: 
    insert 
    into
        guestbook
        (moddate, regdate, content, title, writer) 
    values
        (?, ?, ?, ?, ?)
Guestbook(gno=481, title=Title....181, content=Content...181, writer=user1)
Hibernate: 
    insert 
    into
        guestbook
        (moddate, regdate, content, title, writer) 
    values
        (?, ?, ?, ?, ?)
Guestbook(gno=482, title=Title....182, content=Content...182, writer=user2)
Hibernate: 
    insert 
    into
        guestbook
        (moddate, regdate, content, title, writer) 
    values
        (?, ?, ?, ?, ?)
Guestbook(gno=483, title=Title....183, content=Content...183, writer=user3)
Hibernate: 
    insert 
    into
        guestbook
        (moddate, regdate, content, title, writer) 
    values
        (?, ?, ?, ?, ?)
Guestbook(gno=484, title=Title....184, content=Content...184, writer=user4)
Hibernate: 
    insert 
    into
        guestbook
        (moddate, regdate, content, title, writer) 
    values
        (?, ?, ?, ?, ?)
Guestbook(gno=485, title=Title....185, content=Content...185, writer=user5)
Hibernate: 
    insert 
    into
        guestbook
        (moddate, regdate, content, title, writer) 
    values
        (?, ?, ?, ?, ?)
Guestbook(gno=486, title=Title....186, content=Content...186, writer=user6)
Hibernate: 
    insert 
    into
        guestbook
        (moddate, regdate, content, title, writer) 
    values
        (?, ?, ?, ?, ?)
Guestbook(gno=487, title=Title....187, content=Content...187, writer=user7)
Hibernate: 
    insert 
    into
        guestbook
        (moddate, regdate, content, title, writer) 
    values
        (?, ?, ?, ?, ?)
Guestbook(gno=488, title=Title....188, content=Content...188, writer=user8)
Hibernate: 
    insert 
    into
        guestbook
        (moddate, regdate, content, title, writer) 
    values
        (?, ?, ?, ?, ?)
Guestbook(gno=489, title=Title....189, content=Content...189, writer=user9)
Hibernate: 
    insert 
    into
        guestbook
        (moddate, regdate, content, title, writer) 
    values
        (?, ?, ?, ?, ?)
Guestbook(gno=490, title=Title....190, content=Content...190, writer=user0)
Hibernate: 
    insert 
    into
        guestbook
        (moddate, regdate, content, title, writer) 
    values
        (?, ?, ?, ?, ?)
Guestbook(gno=491, title=Title....191, content=Content...191, writer=user1)
Hibernate: 
    insert 
    into
        guestbook
        (moddate, regdate, content, title, writer) 
    values
        (?, ?, ?, ?, ?)
Guestbook(gno=492, title=Title....192, content=Content...192, writer=user2)
Hibernate: 
    insert 
    into
        guestbook
        (moddate, regdate, content, title, writer) 
    values
        (?, ?, ?, ?, ?)
Guestbook(gno=493, title=Title....193, content=Content...193, writer=user3)
Hibernate: 
    insert 
    into
        guestbook
        (moddate, regdate, content, title, writer) 
    values
        (?, ?, ?, ?, ?)
Guestbook(gno=494, title=Title....194, content=Content...194, writer=user4)
Hibernate: 
    insert 
    into
        guestbook
        (moddate, regdate, content, title, writer) 
    values
        (?, ?, ?, ?, ?)
Guestbook(gno=495, title=Title....195, content=Content...195, writer=user5)
Hibernate: 
    insert 
    into
        guestbook
        (moddate, regdate, content, title, writer) 
    values
        (?, ?, ?, ?, ?)
Guestbook(gno=496, title=Title....196, content=Content...196, writer=user6)
Hibernate: 
    insert 
    into
        guestbook
        (moddate, regdate, content, title, writer) 
    values
        (?, ?, ?, ?, ?)
Guestbook(gno=497, title=Title....197, content=Content...197, writer=user7)
Hibernate: 
    insert 
    into
        guestbook
        (moddate, regdate, content, title, writer) 
    values
        (?, ?, ?, ?, ?)
Guestbook(gno=498, title=Title....198, content=Content...198, writer=user8)
Hibernate: 
    insert 
    into
        guestbook
        (moddate, regdate, content, title, writer) 
    values
        (?, ?, ?, ?, ?)
Guestbook(gno=499, title=Title....199, content=Content...199, writer=user9)
Hibernate: 
    insert 
    into
        guestbook
        (moddate, regdate, content, title, writer) 
    values
        (?, ?, ?, ?, ?)
Guestbook(gno=500, title=Title....200, content=Content...200, writer=user0)
Hibernate: 
    insert 
    into
        guestbook
        (moddate, regdate, content, title, writer) 
    values
        (?, ?, ?, ?, ?)
Guestbook(gno=501, title=Title....201, content=Content...201, writer=user1)
Hibernate: 
    insert 
    into
        guestbook
        (moddate, regdate, content, title, writer) 
    values
        (?, ?, ?, ?, ?)
Guestbook(gno=502, title=Title....202, content=Content...202, writer=user2)
Hibernate: 
    insert 
    into
        guestbook
        (moddate, regdate, content, title, writer) 
    values
        (?, ?, ?, ?, ?)
Guestbook(gno=503, title=Title....203, content=Content...203, writer=user3)
Hibernate: 
    insert 
    into
        guestbook
        (moddate, regdate, content, title, writer) 
    values
        (?, ?, ?, ?, ?)
Guestbook(gno=504, title=Title....204, content=Content...204, writer=user4)
Hibernate: 
    insert 
    into
        guestbook
        (moddate, regdate, content, title, writer) 
    values
        (?, ?, ?, ?, ?)
Guestbook(gno=505, title=Title....205, content=Content...205, writer=user5)
Hibernate: 
    insert 
    into
        guestbook
        (moddate, regdate, content, title, writer) 
    values
        (?, ?, ?, ?, ?)
Guestbook(gno=506, title=Title....206, content=Content...206, writer=user6)
Hibernate: 
    insert 
    into
        guestbook
        (moddate, regdate, content, title, writer) 
    values
        (?, ?, ?, ?, ?)
Guestbook(gno=507, title=Title....207, content=Content...207, writer=user7)
Hibernate: 
    insert 
    into
        guestbook
        (moddate, regdate, content, title, writer) 
    values
        (?, ?, ?, ?, ?)
Guestbook(gno=508, title=Title....208, content=Content...208, writer=user8)
Hibernate: 
    insert 
    into
        guestbook
        (moddate, regdate, content, title, writer) 
    values
        (?, ?, ?, ?, ?)
Guestbook(gno=509, title=Title....209, content=Content...209, writer=user9)
Hibernate: 
    insert 
    into
        guestbook
        (moddate, regdate, content, title, writer) 
    values
        (?, ?, ?, ?, ?)
Guestbook(gno=510, title=Title....210, content=Content...210, writer=user0)
Hibernate: 
    insert 
    into
        guestbook
        (moddate, regdate, content, title, writer) 
    values
        (?, ?, ?, ?, ?)
Guestbook(gno=511, title=Title....211, content=Content...211, writer=user1)
Hibernate: 
    insert 
    into
        guestbook
        (moddate, regdate, content, title, writer) 
    values
        (?, ?, ?, ?, ?)
Guestbook(gno=512, title=Title....212, content=Content...212, writer=user2)
Hibernate: 
    insert 
    into
        guestbook
        (moddate, regdate, content, title, writer) 
    values
        (?, ?, ?, ?, ?)
Guestbook(gno=513, title=Title....213, content=Content...213, writer=user3)
Hibernate: 
    insert 
    into
        guestbook
        (moddate, regdate, content, title, writer) 
    values
        (?, ?, ?, ?, ?)
Guestbook(gno=514, title=Title....214, content=Content...214, writer=user4)
Hibernate: 
    insert 
    into
        guestbook
        (moddate, regdate, content, title, writer) 
    values
        (?, ?, ?, ?, ?)
Guestbook(gno=515, title=Title....215, content=Content...215, writer=user5)
Hibernate: 
    insert 
    into
        guestbook
        (moddate, regdate, content, title, writer) 
    values
        (?, ?, ?, ?, ?)
Guestbook(gno=516, title=Title....216, content=Content...216, writer=user6)
Hibernate: 
    insert 
    into
        guestbook
        (moddate, regdate, content, title, writer) 
    values
        (?, ?, ?, ?, ?)
Guestbook(gno=517, title=Title....217, content=Content...217, writer=user7)
Hibernate: 
    insert 
    into
        guestbook
        (moddate, regdate, content, title, writer) 
    values
        (?, ?, ?, ?, ?)
Guestbook(gno=518, title=Title....218, content=Content...218, writer=user8)
Hibernate: 
    insert 
    into
        guestbook
        (moddate, regdate, content, title, writer) 
    values
        (?, ?, ?, ?, ?)
Guestbook(gno=519, title=Title....219, content=Content...219, writer=user9)
Hibernate: 
    insert 
    into
        guestbook
        (moddate, regdate, content, title, writer) 
    values
        (?, ?, ?, ?, ?)
Guestbook(gno=520, title=Title....220, content=Content...220, writer=user0)
Hibernate: 
    insert 
    into
        guestbook
        (moddate, regdate, content, title, writer) 
    values
        (?, ?, ?, ?, ?)
Guestbook(gno=521, title=Title....221, content=Content...221, writer=user1)
Hibernate: 
    insert 
    into
        guestbook
        (moddate, regdate, content, title, writer) 
    values
        (?, ?, ?, ?, ?)
Guestbook(gno=522, title=Title....222, content=Content...222, writer=user2)
Hibernate: 
    insert 
    into
        guestbook
        (moddate, regdate, content, title, writer) 
    values
        (?, ?, ?, ?, ?)
Guestbook(gno=523, title=Title....223, content=Content...223, writer=user3)
Hibernate: 
    insert 
    into
        guestbook
        (moddate, regdate, content, title, writer) 
    values
        (?, ?, ?, ?, ?)
Guestbook(gno=524, title=Title....224, content=Content...224, writer=user4)
Hibernate: 
    insert 
    into
        guestbook
        (moddate, regdate, content, title, writer) 
    values
        (?, ?, ?, ?, ?)
Guestbook(gno=525, title=Title....225, content=Content...225, writer=user5)
Hibernate: 
    insert 
    into
        guestbook
        (moddate, regdate, content, title, writer) 
    values
        (?, ?, ?, ?, ?)
Guestbook(gno=526, title=Title....226, content=Content...226, writer=user6)
Hibernate: 
    insert 
    into
        guestbook
        (moddate, regdate, content, title, writer) 
    values
        (?, ?, ?, ?, ?)
Guestbook(gno=527, title=Title....227, content=Content...227, writer=user7)
Hibernate: 
    insert 
    into
        guestbook
        (moddate, regdate, content, title, writer) 
    values
        (?, ?, ?, ?, ?)
Guestbook(gno=528, title=Title....228, content=Content...228, writer=user8)
Hibernate: 
    insert 
    into
        guestbook
        (moddate, regdate, content, title, writer) 
    values
        (?, ?, ?, ?, ?)
Guestbook(gno=529, title=Title....229, content=Content...229, writer=user9)
Hibernate: 
    insert 
    into
        guestbook
        (moddate, regdate, content, title, writer) 
    values
        (?, ?, ?, ?, ?)
Guestbook(gno=530, title=Title....230, content=Content...230, writer=user0)
Hibernate: 
    insert 
    into
        guestbook
        (moddate, regdate, content, title, writer) 
    values
        (?, ?, ?, ?, ?)
Guestbook(gno=531, title=Title....231, content=Content...231, writer=user1)
Hibernate: 
    insert 
    into
        guestbook
        (moddate, regdate, content, title, writer) 
    values
        (?, ?, ?, ?, ?)
Guestbook(gno=532, title=Title....232, content=Content...232, writer=user2)
Hibernate: 
    insert 
    into
        guestbook
        (moddate, regdate, content, title, writer) 
    values
        (?, ?, ?, ?, ?)
Guestbook(gno=533, title=Title....233, content=Content...233, writer=user3)
Hibernate: 
    insert 
    into
        guestbook
        (moddate, regdate, content, title, writer) 
    values
        (?, ?, ?, ?, ?)
Guestbook(gno=534, title=Title....234, content=Content...234, writer=user4)
Hibernate: 
    insert 
    into
        guestbook
        (moddate, regdate, content, title, writer) 
    values
        (?, ?, ?, ?, ?)
Guestbook(gno=535, title=Title....235, content=Content...235, writer=user5)
Hibernate: 
    insert 
    into
        guestbook
        (moddate, regdate, content, title, writer) 
    values
        (?, ?, ?, ?, ?)
Guestbook(gno=536, title=Title....236, content=Content...236, writer=user6)
Hibernate: 
    insert 
    into
        guestbook
        (moddate, regdate, content, title, writer) 
    values
        (?, ?, ?, ?, ?)
Guestbook(gno=537, title=Title....237, content=Content...237, writer=user7)
Hibernate: 
    insert 
    into
        guestbook
        (moddate, regdate, content, title, writer) 
    values
        (?, ?, ?, ?, ?)
Guestbook(gno=538, title=Title....238, content=Content...238, writer=user8)
Hibernate: 
    insert 
    into
        guestbook
        (moddate, regdate, content, title, writer) 
    values
        (?, ?, ?, ?, ?)
Guestbook(gno=539, title=Title....239, content=Content...239, writer=user9)
Hibernate: 
    insert 
    into
        guestbook
        (moddate, regdate, content, title, writer) 
    values
        (?, ?, ?, ?, ?)
Guestbook(gno=540, title=Title....240, content=Content...240, writer=user0)
Hibernate: 
    insert 
    into
        guestbook
        (moddate, regdate, content, title, writer) 
    values
        (?, ?, ?, ?, ?)
Guestbook(gno=541, title=Title....241, content=Content...241, writer=user1)
Hibernate: 
    insert 
    into
        guestbook
        (moddate, regdate, content, title, writer) 
    values
        (?, ?, ?, ?, ?)
Guestbook(gno=542, title=Title....242, content=Content...242, writer=user2)
Hibernate: 
    insert 
    into
        guestbook
        (moddate, regdate, content, title, writer) 
    values
        (?, ?, ?, ?, ?)
Guestbook(gno=543, title=Title....243, content=Content...243, writer=user3)
Hibernate: 
    insert 
    into
        guestbook
        (moddate, regdate, content, title, writer) 
    values
        (?, ?, ?, ?, ?)
Guestbook(gno=544, title=Title....244, content=Content...244, writer=user4)
Hibernate: 
    insert 
    into
        guestbook
        (moddate, regdate, content, title, writer) 
    values
        (?, ?, ?, ?, ?)
Guestbook(gno=545, title=Title....245, content=Content...245, writer=user5)
Hibernate: 
    insert 
    into
        guestbook
        (moddate, regdate, content, title, writer) 
    values
        (?, ?, ?, ?, ?)
Guestbook(gno=546, title=Title....246, content=Content...246, writer=user6)
Hibernate: 
    insert 
    into
        guestbook
        (moddate, regdate, content, title, writer) 
    values
        (?, ?, ?, ?, ?)
Guestbook(gno=547, title=Title....247, content=Content...247, writer=user7)
Hibernate: 
    insert 
    into
        guestbook
        (moddate, regdate, content, title, writer) 
    values
        (?, ?, ?, ?, ?)
Guestbook(gno=548, title=Title....248, content=Content...248, writer=user8)
Hibernate: 
    insert 
    into
        guestbook
        (moddate, regdate, content, title, writer) 
    values
        (?, ?, ?, ?, ?)
Guestbook(gno=549, title=Title....249, content=Content...249, writer=user9)
Hibernate: 
    insert 
    into
        guestbook
        (moddate, regdate, content, title, writer) 
    values
        (?, ?, ?, ?, ?)
Guestbook(gno=550, title=Title....250, content=Content...250, writer=user0)
Hibernate: 
    insert 
    into
        guestbook
        (moddate, regdate, content, title, writer) 
    values
        (?, ?, ?, ?, ?)
Guestbook(gno=551, title=Title....251, content=Content...251, writer=user1)
Hibernate: 
    insert 
    into
        guestbook
        (moddate, regdate, content, title, writer) 
    values
        (?, ?, ?, ?, ?)
Guestbook(gno=552, title=Title....252, content=Content...252, writer=user2)
Hibernate: 
    insert 
    into
        guestbook
        (moddate, regdate, content, title, writer) 
    values
        (?, ?, ?, ?, ?)
Guestbook(gno=553, title=Title....253, content=Content...253, writer=user3)
Hibernate: 
    insert 
    into
        guestbook
        (moddate, regdate, content, title, writer) 
    values
        (?, ?, ?, ?, ?)
Guestbook(gno=554, title=Title....254, content=Content...254, writer=user4)
Hibernate: 
    insert 
    into
        guestbook
        (moddate, regdate, content, title, writer) 
    values
        (?, ?, ?, ?, ?)
Guestbook(gno=555, title=Title....255, content=Content...255, writer=user5)
Hibernate: 
    insert 
    into
        guestbook
        (moddate, regdate, content, title, writer) 
    values
        (?, ?, ?, ?, ?)
Guestbook(gno=556, title=Title....256, content=Content...256, writer=user6)
Hibernate: 
    insert 
    into
        guestbook
        (moddate, regdate, content, title, writer) 
    values
        (?, ?, ?, ?, ?)
Guestbook(gno=557, title=Title....257, content=Content...257, writer=user7)
Hibernate: 
    insert 
    into
        guestbook
        (moddate, regdate, content, title, writer) 
    values
        (?, ?, ?, ?, ?)
Guestbook(gno=558, title=Title....258, content=Content...258, writer=user8)
Hibernate: 
    insert 
    into
        guestbook
        (moddate, regdate, content, title, writer) 
    values
        (?, ?, ?, ?, ?)
Guestbook(gno=559, title=Title....259, content=Content...259, writer=user9)
Hibernate: 
    insert 
    into
        guestbook
        (moddate, regdate, content, title, writer) 
    values
        (?, ?, ?, ?, ?)
Guestbook(gno=560, title=Title....260, content=Content...260, writer=user0)
Hibernate: 
    insert 
    into
        guestbook
        (moddate, regdate, content, title, writer) 
    values
        (?, ?, ?, ?, ?)
Guestbook(gno=561, title=Title....261, content=Content...261, writer=user1)
Hibernate: 
    insert 
    into
        guestbook
        (moddate, regdate, content, title, writer) 
    values
        (?, ?, ?, ?, ?)
Guestbook(gno=562, title=Title....262, content=Content...262, writer=user2)
Hibernate: 
    insert 
    into
        guestbook
        (moddate, regdate, content, title, writer) 
    values
        (?, ?, ?, ?, ?)
Guestbook(gno=563, title=Title....263, content=Content...263, writer=user3)
Hibernate: 
    insert 
    into
        guestbook
        (moddate, regdate, content, title, writer) 
    values
        (?, ?, ?, ?, ?)
Guestbook(gno=564, title=Title....264, content=Content...264, writer=user4)
Hibernate: 
    insert 
    into
        guestbook
        (moddate, regdate, content, title, writer) 
    values
        (?, ?, ?, ?, ?)
Guestbook(gno=565, title=Title....265, content=Content...265, writer=user5)
Hibernate: 
    insert 
    into
        guestbook
        (moddate, regdate, content, title, writer) 
    values
        (?, ?, ?, ?, ?)
Guestbook(gno=566, title=Title....266, content=Content...266, writer=user6)
Hibernate: 
    insert 
    into
        guestbook
        (moddate, regdate, content, title, writer) 
    values
        (?, ?, ?, ?, ?)
Guestbook(gno=567, title=Title....267, content=Content...267, writer=user7)
Hibernate: 
    insert 
    into
        guestbook
        (moddate, regdate, content, title, writer) 
    values
        (?, ?, ?, ?, ?)
Guestbook(gno=568, title=Title....268, content=Content...268, writer=user8)
Hibernate: 
    insert 
    into
        guestbook
        (moddate, regdate, content, title, writer) 
    values
        (?, ?, ?, ?, ?)
Guestbook(gno=569, title=Title....269, content=Content...269, writer=user9)
Hibernate: 
    insert 
    into
        guestbook
        (moddate, regdate, content, title, writer) 
    values
        (?, ?, ?, ?, ?)
Guestbook(gno=570, title=Title....270, content=Content...270, writer=user0)
Hibernate: 
    insert 
    into
        guestbook
        (moddate, regdate, content, title, writer) 
    values
        (?, ?, ?, ?, ?)
Guestbook(gno=571, title=Title....271, content=Content...271, writer=user1)
Hibernate: 
    insert 
    into
        guestbook
        (moddate, regdate, content, title, writer) 
    values
        (?, ?, ?, ?, ?)
Guestbook(gno=572, title=Title....272, content=Content...272, writer=user2)
Hibernate: 
    insert 
    into
        guestbook
        (moddate, regdate, content, title, writer) 
    values
        (?, ?, ?, ?, ?)
Guestbook(gno=573, title=Title....273, content=Content...273, writer=user3)
Hibernate: 
    insert 
    into
        guestbook
        (moddate, regdate, content, title, writer) 
    values
        (?, ?, ?, ?, ?)
Guestbook(gno=574, title=Title....274, content=Content...274, writer=user4)
Hibernate: 
    insert 
    into
        guestbook
        (moddate, regdate, content, title, writer) 
    values
        (?, ?, ?, ?, ?)
Guestbook(gno=575, title=Title....275, content=Content...275, writer=user5)
Hibernate: 
    insert 
    into
        guestbook
        (moddate, regdate, content, title, writer) 
    values
        (?, ?, ?, ?, ?)
Guestbook(gno=576, title=Title....276, content=Content...276, writer=user6)
Hibernate: 
    insert 
    into
        guestbook
        (moddate, regdate, content, title, writer) 
    values
        (?, ?, ?, ?, ?)
Guestbook(gno=577, title=Title....277, content=Content...277, writer=user7)
Hibernate: 
    insert 
    into
        guestbook
        (moddate, regdate, content, title, writer) 
    values
        (?, ?, ?, ?, ?)
Guestbook(gno=578, title=Title....278, content=Content...278, writer=user8)
Hibernate: 
    insert 
    into
        guestbook
        (moddate, regdate, content, title, writer) 
    values
        (?, ?, ?, ?, ?)
Guestbook(gno=579, title=Title....279, content=Content...279, writer=user9)
Hibernate: 
    insert 
    into
        guestbook
        (moddate, regdate, content, title, writer) 
    values
        (?, ?, ?, ?, ?)
Guestbook(gno=580, title=Title....280, content=Content...280, writer=user0)
Hibernate: 
    insert 
    into
        guestbook
        (moddate, regdate, content, title, writer) 
    values
        (?, ?, ?, ?, ?)
Guestbook(gno=581, title=Title....281, content=Content...281, writer=user1)
Hibernate: 
    insert 
    into
        guestbook
        (moddate, regdate, content, title, writer) 
    values
        (?, ?, ?, ?, ?)
Guestbook(gno=582, title=Title....282, content=Content...282, writer=user2)
Hibernate: 
    insert 
    into
        guestbook
        (moddate, regdate, content, title, writer) 
    values
        (?, ?, ?, ?, ?)
Guestbook(gno=583, title=Title....283, content=Content...283, writer=user3)
Hibernate: 
    insert 
    into
        guestbook
        (moddate, regdate, content, title, writer) 
    values
        (?, ?, ?, ?, ?)
Guestbook(gno=584, title=Title....284, content=Content...284, writer=user4)
Hibernate: 
    insert 
    into
        guestbook
        (moddate, regdate, content, title, writer) 
    values
        (?, ?, ?, ?, ?)
Guestbook(gno=585, title=Title....285, content=Content...285, writer=user5)
Hibernate: 
    insert 
    into
        guestbook
        (moddate, regdate, content, title, writer) 
    values
        (?, ?, ?, ?, ?)
Guestbook(gno=586, title=Title....286, content=Content...286, writer=user6)
Hibernate: 
    insert 
    into
        guestbook
        (moddate, regdate, content, title, writer) 
    values
        (?, ?, ?, ?, ?)
Guestbook(gno=587, title=Title....287, content=Content...287, writer=user7)
Hibernate: 
    insert 
    into
        guestbook
        (moddate, regdate, content, title, writer) 
    values
        (?, ?, ?, ?, ?)
Guestbook(gno=588, title=Title....288, content=Content...288, writer=user8)
Hibernate: 
    insert 
    into
        guestbook
        (moddate, regdate, content, title, writer) 
    values
        (?, ?, ?, ?, ?)
Guestbook(gno=589, title=Title....289, content=Content...289, writer=user9)
Hibernate: 
    insert 
    into
        guestbook
        (moddate, regdate, content, title, writer) 
    values
        (?, ?, ?, ?, ?)
Guestbook(gno=590, title=Title....290, content=Content...290, writer=user0)
Hibernate: 
    insert 
    into
        guestbook
        (moddate, regdate, content, title, writer) 
    values
        (?, ?, ?, ?, ?)
Guestbook(gno=591, title=Title....291, content=Content...291, writer=user1)
Hibernate: 
    insert 
    into
        guestbook
        (moddate, regdate, content, title, writer) 
    values
        (?, ?, ?, ?, ?)
Guestbook(gno=592, title=Title....292, content=Content...292, writer=user2)
Hibernate: 
    insert 
    into
        guestbook
        (moddate, regdate, content, title, writer) 
    values
        (?, ?, ?, ?, ?)
Guestbook(gno=593, title=Title....293, content=Content...293, writer=user3)
Hibernate: 
    insert 
    into
        guestbook
        (moddate, regdate, content, title, writer) 
    values
        (?, ?, ?, ?, ?)
Guestbook(gno=594, title=Title....294, content=Content...294, writer=user4)
Hibernate: 
    insert 
    into
        guestbook
        (moddate, regdate, content, title, writer) 
    values
        (?, ?, ?, ?, ?)
Guestbook(gno=595, title=Title....295, content=Content...295, writer=user5)
Hibernate: 
    insert 
    into
        guestbook
        (moddate, regdate, content, title, writer) 
    values
        (?, ?, ?, ?, ?)
Guestbook(gno=596, title=Title....296, content=Content...296, writer=user6)
Hibernate: 
    insert 
    into
        guestbook
        (moddate, regdate, content, title, writer) 
    values
        (?, ?, ?, ?, ?)
Guestbook(gno=597, title=Title....297, content=Content...297, writer=user7)
Hibernate: 
    insert 
    into
        guestbook
        (moddate, regdate, content, title, writer) 
    values
        (?, ?, ?, ?, ?)
Guestbook(gno=598, title=Title....298, content=Content...298, writer=user8)
Hibernate: 
    insert 
    into
        guestbook
        (moddate, regdate, content, title, writer) 
    values
        (?, ?, ?, ?, ?)
Guestbook(gno=599, title=Title....299, content=Content...299, writer=user9)
Hibernate: 
    insert 
    into
        guestbook
        (moddate, regdate, content, title, writer) 
    values
        (?, ?, ?, ?, ?)
Guestbook(gno=600, title=Title....300, content=Content...300, writer=user0)
Hibernate: 
    select
        guestbook0_.gno as gno1_0_,
        guestbook0_.moddate as moddate2_0_,
        guestbook0_.regdate as regdate3_0_,
        guestbook0_.content as content4_0_,
        guestbook0_.title as title5_0_,
        guestbook0_.writer as writer6_0_ 
    from
        guestbook guestbook0_ 
    where
        guestbook0_.title like ? escape '!' 
    order by
        guestbook0_.gno desc limit ?
Hibernate: 
    select
        count(guestbook0_.gno) as col_0_0_ 
    from
        guestbook guestbook0_ 
    where
        guestbook0_.title like ? escape '!'
Guestbook(gno=591, title=Title....291, content=Content...291, writer=user1)
Guestbook(gno=581, title=Title....281, content=Content...281, writer=user1)
Guestbook(gno=571, title=Title....271, content=Content...271, writer=user1)
Guestbook(gno=561, title=Title....261, content=Content...261, writer=user1)
Guestbook(gno=551, title=Title....251, content=Content...251, writer=user1)
Guestbook(gno=541, title=Title....241, content=Content...241, writer=user1)
Guestbook(gno=531, title=Title....231, content=Content...231, writer=user1)
Guestbook(gno=521, title=Title....221, content=Content...221, writer=user1)
Guestbook(gno=519, title=Title....219, content=Content...219, writer=user9)
Guestbook(gno=518, title=Title....218, content=Content...218, writer=user8)
Hibernate: 
    select
        guestbook0_.gno as gno1_0_,
        guestbook0_.moddate as moddate2_0_,
        guestbook0_.regdate as regdate3_0_,
        guestbook0_.content as content4_0_,
        guestbook0_.title as title5_0_,
        guestbook0_.writer as writer6_0_ 
    from
        guestbook guestbook0_ 
    where
        (
            guestbook0_.title like ? escape '!' 
            or guestbook0_.content like ? escape '!'
        ) 
        and guestbook0_.gno>? 
    order by
        guestbook0_.gno desc limit ?
Hibernate: 
    select
        count(guestbook0_.gno) as col_0_0_ 
    from
        guestbook guestbook0_ 
    where
        (
            guestbook0_.title like ? escape '!' 
            or guestbook0_.content like ? escape '!'
        ) 
        and guestbook0_.gno>?
Guestbook(gno=591, title=Title....291, content=Content...291, writer=user1)
Guestbook(gno=581, title=Title....281, content=Content...281, writer=user1)
Guestbook(gno=571, title=Title....271, content=Content...271, writer=user1)
Guestbook(gno=561, title=Title....261, content=Content...261, writer=user1)
Guestbook(gno=551, title=Title....251, content=Content...251, writer=user1)
Guestbook(gno=541, title=Title....241, content=Content...241, writer=user1)
Guestbook(gno=531, title=Title....231, content=Content...231, writer=user1)
Guestbook(gno=521, title=Title....221, content=Content...221, writer=user1)
Guestbook(gno=519, title=Title....219, content=Content...219, writer=user9)
Guestbook(gno=518, title=Title....218, content=Content...218, writer=user8)
]]></system-out>
  <system-err><![CDATA[]]></system-err>
</testsuite>
